The system is: Linux - 4.2.8-300.fc23.x86_64 - x86_64
Compiling the CXX compiler identification source file "CMakeCXXCompilerId.cpp" succeeded.
Compiler: /usr/bin/c++ 
Build flags: 
Id flags: 

The output was:
0


Compilation of the CXX compiler identification source "CMakeCXXCompilerId.cpp" produced "a.out"

The CXX compiler identification is GNU, found in "/home/jeron/prg/examples/opencv_with_jll/deps/opencv-3.0.0/CMakeFiles/3.3.2/CompilerIdCXX/a.out"

Compiling the C compiler identification source file "CMakeCCompilerId.c" succeeded.
Compiler: /usr/bin/cc 
Build flags: 
Id flags: 

The output was:
0


Compilation of the C compiler identification source "CMakeCCompilerId.c" produced "a.out"

The C compiler identification is GNU, found in "/home/jeron/prg/examples/opencv_with_jll/deps/opencv-3.0.0/CMakeFiles/3.3.2/CompilerIdC/a.out"

Determining if the CXX compiler works passed with the following output:
Change Dir: /home/jeron/prg/examples/opencv_with_jll/deps/opencv-3.0.0/CMakeFiles/CMakeTmp

Run Build Command:"/usr/bin/gmake" "cmTC_4f995/fast"
/usr/bin/gmake -f CMakeFiles/cmTC_4f995.dir/build.make CMakeFiles/cmTC_4f995.dir/build
gmake[1]: Entering directory '/home/jeron/prg/examples/opencv_with_jll/deps/opencv-3.0.0/CMakeFiles/CMakeTmp'
Building CXX object CMakeFiles/cmTC_4f995.dir/testCXXCompiler.cxx.o
/usr/bin/c++     -o CMakeFiles/cmTC_4f995.dir/testCXXCompiler.cxx.o -c /home/jeron/prg/examples/opencv_with_jll/deps/opencv-3.0.0/CMakeFiles/CMakeTmp/testCXXCompiler.cxx
Linking CXX executable cmTC_4f995
/usr/bin/cmake -E cmake_link_script CMakeFiles/cmTC_4f995.dir/link.txt --verbose=1
/usr/bin/c++        CMakeFiles/cmTC_4f995.dir/testCXXCompiler.cxx.o  -o cmTC_4f995 -rdynamic 
gmake[1]: Leaving directory '/home/jeron/prg/examples/opencv_with_jll/deps/opencv-3.0.0/CMakeFiles/CMakeTmp'


Detecting CXX compiler ABI info compiled with the following output:
Change Dir: /home/jeron/prg/examples/opencv_with_jll/deps/opencv-3.0.0/CMakeFiles/CMakeTmp

Run Build Command:"/usr/bin/gmake" "cmTC_6ce96/fast"
/usr/bin/gmake -f CMakeFiles/cmTC_6ce96.dir/build.make CMakeFiles/cmTC_6ce96.dir/build
gmake[1]: Entering directory '/home/jeron/prg/examples/opencv_with_jll/deps/opencv-3.0.0/CMakeFiles/CMakeTmp'
Building CXX object CMakeFiles/cmTC_6ce96.dir/CMakeCXXCompilerABI.cpp.o
/usr/bin/c++     -o CMakeFiles/cmTC_6ce96.dir/CMakeCXXCompilerABI.cpp.o -c /usr/share/cmake/Modules/CMakeCXXCompilerABI.cpp
Linking CXX executable cmTC_6ce96
/usr/bin/cmake -E cmake_link_script CMakeFiles/cmTC_6ce96.dir/link.txt --verbose=1
/usr/bin/c++       -v CMakeFiles/cmTC_6ce96.dir/CMakeCXXCompilerABI.cpp.o  -o cmTC_6ce96 -rdynamic  
Using built-in specs.
COLLECT_GCC=/usr/bin/c++
COLLECT_LTO_WRAPPER=/usr/libexec/gcc/x86_64-redhat-linux/5.3.1/lto-wrapper
Target: x86_64-redhat-linux
Configured with: ../configure --enable-bootstrap --enable-languages=c,c++,objc,obj-c++,fortran,ada,go,lto --prefix=/usr --mandir=/usr/share/man --infodir=/usr/share/info --with-bugurl=http://bugzilla.redhat.com/bugzilla --enable-shared --enable-threads=posix --enable-checking=release --enable-multilib --with-system-zlib --enable-__cxa_atexit --disable-libunwind-exceptions --enable-gnu-unique-object --enable-linker-build-id --with-linker-hash-style=gnu --enable-plugin --enable-initfini-array --disable-libgcj --with-isl --enable-libmpx --enable-gnu-indirect-function --with-tune=generic --with-arch_32=i686 --build=x86_64-redhat-linux
Thread model: posix
gcc version 5.3.1 20151207 (Red Hat 5.3.1-2) (GCC) 
COMPILER_PATH=/usr/libexec/gcc/x86_64-redhat-linux/5.3.1/:/usr/libexec/gcc/x86_64-redhat-linux/5.3.1/:/usr/libexec/gcc/x86_64-redhat-linux/:/usr/lib/gcc/x86_64-redhat-linux/5.3.1/:/usr/lib/gcc/x86_64-redhat-linux/
LIBRARY_PATH=/usr/lib/gcc/x86_64-redhat-linux/5.3.1/:/usr/lib/gcc/x86_64-redhat-linux/5.3.1/../../../../lib64/:/lib/../lib64/:/usr/lib/../lib64/:/usr/lib/gcc/x86_64-redhat-linux/5.3.1/../../../:/lib/:/usr/lib/
COLLECT_GCC_OPTIONS='-v' '-o' 'cmTC_6ce96' '-rdynamic' '-shared-libgcc' '-mtune=generic' '-march=x86-64'
 /usr/libexec/gcc/x86_64-redhat-linux/5.3.1/collect2 -plugin /usr/libexec/gcc/x86_64-redhat-linux/5.3.1/liblto_plugin.so -plugin-opt=/usr/libexec/gcc/x86_64-redhat-linux/5.3.1/lto-wrapper -plugin-opt=-fresolution=/tmp/ccoC2U1J.res -plugin-opt=-pass-through=-lgcc_s -plugin-opt=-pass-through=-lgcc -plugin-opt=-pass-through=-lc -plugin-opt=-pass-through=-lgcc_s -plugin-opt=-pass-through=-lgcc --build-id --no-add-needed --eh-frame-hdr --hash-style=gnu -m elf_x86_64 -export-dynamic -dynamic-linker /lib64/ld-linux-x86-64.so.2 -o cmTC_6ce96 /usr/lib/gcc/x86_64-redhat-linux/5.3.1/../../../../lib64/crt1.o /usr/lib/gcc/x86_64-redhat-linux/5.3.1/../../../../lib64/crti.o /usr/lib/gcc/x86_64-redhat-linux/5.3.1/crtbegin.o -L/usr/lib/gcc/x86_64-redhat-linux/5.3.1 -L/usr/lib/gcc/x86_64-redhat-linux/5.3.1/../../../../lib64 -L/lib/../lib64 -L/usr/lib/../lib64 -L/usr/lib/gcc/x86_64-redhat-linux/5.3.1/../../.. CMakeFiles/cmTC_6ce96.dir/CMakeCXXCompilerABI.cpp.o -lstdc++ -lm -lgcc_s -lgcc -lc -lgcc_s -lgcc /usr/lib/gcc/x86_64-redhat-linux/5.3.1/crtend.o /usr/lib/gcc/x86_64-redhat-linux/5.3.1/../../../../lib64/crtn.o
gmake[1]: Leaving directory '/home/jeron/prg/examples/opencv_with_jll/deps/opencv-3.0.0/CMakeFiles/CMakeTmp'


Parsed CXX implicit link information from above output:
  link line regex: [^( *|.*[/\])(ld|([^/\]+-)?ld|collect2)[^/\]*( |$)]
  ignore line: [Change Dir: /home/jeron/prg/examples/opencv_with_jll/deps/opencv-3.0.0/CMakeFiles/CMakeTmp]
  ignore line: []
  ignore line: [Run Build Command:"/usr/bin/gmake" "cmTC_6ce96/fast"]
  ignore line: [/usr/bin/gmake -f CMakeFiles/cmTC_6ce96.dir/build.make CMakeFiles/cmTC_6ce96.dir/build]
  ignore line: [gmake[1]: Entering directory '/home/jeron/prg/examples/opencv_with_jll/deps/opencv-3.0.0/CMakeFiles/CMakeTmp']
  ignore line: [Building CXX object CMakeFiles/cmTC_6ce96.dir/CMakeCXXCompilerABI.cpp.o]
  ignore line: [/usr/bin/c++     -o CMakeFiles/cmTC_6ce96.dir/CMakeCXXCompilerABI.cpp.o -c /usr/share/cmake/Modules/CMakeCXXCompilerABI.cpp]
  ignore line: [Linking CXX executable cmTC_6ce96]
  ignore line: [/usr/bin/cmake -E cmake_link_script CMakeFiles/cmTC_6ce96.dir/link.txt --verbose=1]
  ignore line: [/usr/bin/c++       -v CMakeFiles/cmTC_6ce96.dir/CMakeCXXCompilerABI.cpp.o  -o cmTC_6ce96 -rdynamic  ]
  ignore line: [Using built-in specs.]
  ignore line: [COLLECT_GCC=/usr/bin/c++]
  ignore line: [COLLECT_LTO_WRAPPER=/usr/libexec/gcc/x86_64-redhat-linux/5.3.1/lto-wrapper]
  ignore line: [Target: x86_64-redhat-linux]
  ignore line: [Configured with: ../configure --enable-bootstrap --enable-languages=c,c++,objc,obj-c++,fortran,ada,go,lto --prefix=/usr --mandir=/usr/share/man --infodir=/usr/share/info --with-bugurl=http://bugzilla.redhat.com/bugzilla --enable-shared --enable-threads=posix --enable-checking=release --enable-multilib --with-system-zlib --enable-__cxa_atexit --disable-libunwind-exceptions --enable-gnu-unique-object --enable-linker-build-id --with-linker-hash-style=gnu --enable-plugin --enable-initfini-array --disable-libgcj --with-isl --enable-libmpx --enable-gnu-indirect-function --with-tune=generic --with-arch_32=i686 --build=x86_64-redhat-linux]
  ignore line: [Thread model: posix]
  ignore line: [gcc version 5.3.1 20151207 (Red Hat 5.3.1-2) (GCC) ]
  ignore line: [COMPILER_PATH=/usr/libexec/gcc/x86_64-redhat-linux/5.3.1/:/usr/libexec/gcc/x86_64-redhat-linux/5.3.1/:/usr/libexec/gcc/x86_64-redhat-linux/:/usr/lib/gcc/x86_64-redhat-linux/5.3.1/:/usr/lib/gcc/x86_64-redhat-linux/]
  ignore line: [LIBRARY_PATH=/usr/lib/gcc/x86_64-redhat-linux/5.3.1/:/usr/lib/gcc/x86_64-redhat-linux/5.3.1/../../../../lib64/:/lib/../lib64/:/usr/lib/../lib64/:/usr/lib/gcc/x86_64-redhat-linux/5.3.1/../../../:/lib/:/usr/lib/]
  ignore line: [COLLECT_GCC_OPTIONS='-v' '-o' 'cmTC_6ce96' '-rdynamic' '-shared-libgcc' '-mtune=generic' '-march=x86-64']
  link line: [ /usr/libexec/gcc/x86_64-redhat-linux/5.3.1/collect2 -plugin /usr/libexec/gcc/x86_64-redhat-linux/5.3.1/liblto_plugin.so -plugin-opt=/usr/libexec/gcc/x86_64-redhat-linux/5.3.1/lto-wrapper -plugin-opt=-fresolution=/tmp/ccoC2U1J.res -plugin-opt=-pass-through=-lgcc_s -plugin-opt=-pass-through=-lgcc -plugin-opt=-pass-through=-lc -plugin-opt=-pass-through=-lgcc_s -plugin-opt=-pass-through=-lgcc --build-id --no-add-needed --eh-frame-hdr --hash-style=gnu -m elf_x86_64 -export-dynamic -dynamic-linker /lib64/ld-linux-x86-64.so.2 -o cmTC_6ce96 /usr/lib/gcc/x86_64-redhat-linux/5.3.1/../../../../lib64/crt1.o /usr/lib/gcc/x86_64-redhat-linux/5.3.1/../../../../lib64/crti.o /usr/lib/gcc/x86_64-redhat-linux/5.3.1/crtbegin.o -L/usr/lib/gcc/x86_64-redhat-linux/5.3.1 -L/usr/lib/gcc/x86_64-redhat-linux/5.3.1/../../../../lib64 -L/lib/../lib64 -L/usr/lib/../lib64 -L/usr/lib/gcc/x86_64-redhat-linux/5.3.1/../../.. CMakeFiles/cmTC_6ce96.dir/CMakeCXXCompilerABI.cpp.o -lstdc++ -lm -lgcc_s -lgcc -lc -lgcc_s -lgcc /usr/lib/gcc/x86_64-redhat-linux/5.3.1/crtend.o /usr/lib/gcc/x86_64-redhat-linux/5.3.1/../../../../lib64/crtn.o]
    arg [/usr/libexec/gcc/x86_64-redhat-linux/5.3.1/collect2] ==> ignore
    arg [-plugin] ==> ignore
    arg [/usr/libexec/gcc/x86_64-redhat-linux/5.3.1/liblto_plugin.so] ==> ignore
    arg [-plugin-opt=/usr/libexec/gcc/x86_64-redhat-linux/5.3.1/lto-wrapper] ==> ignore
    arg [-plugin-opt=-fresolution=/tmp/ccoC2U1J.res] ==> ignore
    arg [-plugin-opt=-pass-through=-lgcc_s] ==> ignore
    arg [-plugin-opt=-pass-through=-lgcc] ==> ignore
    arg [-plugin-opt=-pass-through=-lc] ==> ignore
    arg [-plugin-opt=-pass-through=-lgcc_s] ==> ignore
    arg [-plugin-opt=-pass-through=-lgcc] ==> ignore
    arg [--build-id] ==> ignore
    arg [--no-add-needed] ==> ignore
    arg [--eh-frame-hdr] ==> ignore
    arg [--hash-style=gnu] ==> ignore
    arg [-m] ==> ignore
    arg [elf_x86_64] ==> ignore
    arg [-export-dynamic] ==> ignore
    arg [-dynamic-linker] ==> ignore
    arg [/lib64/ld-linux-x86-64.so.2] ==> ignore
    arg [-o] ==> ignore
    arg [cmTC_6ce96] ==> ignore
    arg [/usr/lib/gcc/x86_64-redhat-linux/5.3.1/../../../../lib64/crt1.o] ==> ignore
    arg [/usr/lib/gcc/x86_64-redhat-linux/5.3.1/../../../../lib64/crti.o] ==> ignore
    arg [/usr/lib/gcc/x86_64-redhat-linux/5.3.1/crtbegin.o] ==> ignore
    arg [-L/usr/lib/gcc/x86_64-redhat-linux/5.3.1] ==> dir [/usr/lib/gcc/x86_64-redhat-linux/5.3.1]
    arg [-L/usr/lib/gcc/x86_64-redhat-linux/5.3.1/../../../../lib64] ==> dir [/usr/lib/gcc/x86_64-redhat-linux/5.3.1/../../../../lib64]
    arg [-L/lib/../lib64] ==> dir [/lib/../lib64]
    arg [-L/usr/lib/../lib64] ==> dir [/usr/lib/../lib64]
    arg [-L/usr/lib/gcc/x86_64-redhat-linux/5.3.1/../../..] ==> dir [/usr/lib/gcc/x86_64-redhat-linux/5.3.1/../../..]
    arg [CMakeFiles/cmTC_6ce96.dir/CMakeCXXCompilerABI.cpp.o] ==> ignore
    arg [-lstdc++] ==> lib [stdc++]
    arg [-lm] ==> lib [m]
    arg [-lgcc_s] ==> lib [gcc_s]
    arg [-lgcc] ==> lib [gcc]
    arg [-lc] ==> lib [c]
    arg [-lgcc_s] ==> lib [gcc_s]
    arg [-lgcc] ==> lib [gcc]
    arg [/usr/lib/gcc/x86_64-redhat-linux/5.3.1/crtend.o] ==> ignore
    arg [/usr/lib/gcc/x86_64-redhat-linux/5.3.1/../../../../lib64/crtn.o] ==> ignore
  remove lib [gcc_s]
  remove lib [gcc]
  remove lib [gcc_s]
  remove lib [gcc]
  collapse library dir [/usr/lib/gcc/x86_64-redhat-linux/5.3.1] ==> [/usr/lib/gcc/x86_64-redhat-linux/5.3.1]
  collapse library dir [/usr/lib/gcc/x86_64-redhat-linux/5.3.1/../../../../lib64] ==> [/usr/lib64]
  collapse library dir [/lib/../lib64] ==> [/lib64]
  collapse library dir [/usr/lib/../lib64] ==> [/usr/lib64]
  collapse library dir [/usr/lib/gcc/x86_64-redhat-linux/5.3.1/../../..] ==> [/usr/lib]
  implicit libs: [stdc++;m;c]
  implicit dirs: [/usr/lib/gcc/x86_64-redhat-linux/5.3.1;/usr/lib64;/lib64;/usr/lib]
  implicit fwks: []




Detecting CXX [-std=c++14] compiler features compiled with the following output:
Change Dir: /home/jeron/prg/examples/opencv_with_jll/deps/opencv-3.0.0/CMakeFiles/CMakeTmp

Run Build Command:"/usr/bin/gmake" "cmTC_a0bf5/fast"
/usr/bin/gmake -f CMakeFiles/cmTC_a0bf5.dir/build.make CMakeFiles/cmTC_a0bf5.dir/build
gmake[1]: Entering directory '/home/jeron/prg/examples/opencv_with_jll/deps/opencv-3.0.0/CMakeFiles/CMakeTmp'
Building CXX object CMakeFiles/cmTC_a0bf5.dir/feature_tests.cxx.o
/usr/bin/c++    -std=c++14 -o CMakeFiles/cmTC_a0bf5.dir/feature_tests.cxx.o -c /home/jeron/prg/examples/opencv_with_jll/deps/opencv-3.0.0/CMakeFiles/feature_tests.cxx
Linking CXX executable cmTC_a0bf5
/usr/bin/cmake -E cmake_link_script CMakeFiles/cmTC_a0bf5.dir/link.txt --verbose=1
/usr/bin/c++        CMakeFiles/cmTC_a0bf5.dir/feature_tests.cxx.o  -o cmTC_a0bf5 -rdynamic 
gmake[1]: Leaving directory '/home/jeron/prg/examples/opencv_with_jll/deps/opencv-3.0.0/CMakeFiles/CMakeTmp'


    Feature record: CXX_FEATURE:1cxx_aggregate_default_initializers
    Feature record: CXX_FEATURE:1cxx_alias_templates
    Feature record: CXX_FEATURE:1cxx_alignas
    Feature record: CXX_FEATURE:1cxx_alignof
    Feature record: CXX_FEATURE:1cxx_attributes
    Feature record: CXX_FEATURE:1cxx_attribute_deprecated
    Feature record: CXX_FEATURE:1cxx_auto_type
    Feature record: CXX_FEATURE:1cxx_binary_literals
    Feature record: CXX_FEATURE:1cxx_constexpr
    Feature record: CXX_FEATURE:1cxx_contextual_conversions
    Feature record: CXX_FEATURE:1cxx_decltype
    Feature record: CXX_FEATURE:1cxx_decltype_auto
    Feature record: CXX_FEATURE:1cxx_decltype_incomplete_return_types
    Feature record: CXX_FEATURE:1cxx_default_function_template_args
    Feature record: CXX_FEATURE:1cxx_defaulted_functions
    Feature record: CXX_FEATURE:1cxx_defaulted_move_initializers
    Feature record: CXX_FEATURE:1cxx_delegating_constructors
    Feature record: CXX_FEATURE:1cxx_deleted_functions
    Feature record: CXX_FEATURE:1cxx_digit_separators
    Feature record: CXX_FEATURE:1cxx_enum_forward_declarations
    Feature record: CXX_FEATURE:1cxx_explicit_conversions
    Feature record: CXX_FEATURE:1cxx_extended_friend_declarations
    Feature record: CXX_FEATURE:1cxx_extern_templates
    Feature record: CXX_FEATURE:1cxx_final
    Feature record: CXX_FEATURE:1cxx_func_identifier
    Feature record: CXX_FEATURE:1cxx_generalized_initializers
    Feature record: CXX_FEATURE:1cxx_generic_lambdas
    Feature record: CXX_FEATURE:1cxx_inheriting_constructors
    Feature record: CXX_FEATURE:1cxx_inline_namespaces
    Feature record: CXX_FEATURE:1cxx_lambdas
    Feature record: CXX_FEATURE:1cxx_lambda_init_captures
    Feature record: CXX_FEATURE:1cxx_local_type_template_args
    Feature record: CXX_FEATURE:1cxx_long_long_type
    Feature record: CXX_FEATURE:1cxx_noexcept
    Feature record: CXX_FEATURE:1cxx_nonstatic_member_init
    Feature record: CXX_FEATURE:1cxx_nullptr
    Feature record: CXX_FEATURE:1cxx_override
    Feature record: CXX_FEATURE:1cxx_range_for
    Feature record: CXX_FEATURE:1cxx_raw_string_literals
    Feature record: CXX_FEATURE:1cxx_reference_qualified_functions
    Feature record: CXX_FEATURE:1cxx_relaxed_constexpr
    Feature record: CXX_FEATURE:1cxx_return_type_deduction
    Feature record: CXX_FEATURE:1cxx_right_angle_brackets
    Feature record: CXX_FEATURE:1cxx_rvalue_references
    Feature record: CXX_FEATURE:1cxx_sizeof_member
    Feature record: CXX_FEATURE:1cxx_static_assert
    Feature record: CXX_FEATURE:1cxx_strong_enums
    Feature record: CXX_FEATURE:1cxx_template_template_parameters
    Feature record: CXX_FEATURE:1cxx_thread_local
    Feature record: CXX_FEATURE:1cxx_trailing_return_types
    Feature record: CXX_FEATURE:1cxx_unicode_literals
    Feature record: CXX_FEATURE:1cxx_uniform_initialization
    Feature record: CXX_FEATURE:1cxx_unrestricted_unions
    Feature record: CXX_FEATURE:1cxx_user_literals
    Feature record: CXX_FEATURE:1cxx_variable_templates
    Feature record: CXX_FEATURE:1cxx_variadic_macros
    Feature record: CXX_FEATURE:1cxx_variadic_templates


Detecting CXX [-std=c++11] compiler features compiled with the following output:
Change Dir: /home/jeron/prg/examples/opencv_with_jll/deps/opencv-3.0.0/CMakeFiles/CMakeTmp

Run Build Command:"/usr/bin/gmake" "cmTC_2a2d7/fast"
/usr/bin/gmake -f CMakeFiles/cmTC_2a2d7.dir/build.make CMakeFiles/cmTC_2a2d7.dir/build
gmake[1]: Entering directory '/home/jeron/prg/examples/opencv_with_jll/deps/opencv-3.0.0/CMakeFiles/CMakeTmp'
Building CXX object CMakeFiles/cmTC_2a2d7.dir/feature_tests.cxx.o
/usr/bin/c++    -std=c++11 -o CMakeFiles/cmTC_2a2d7.dir/feature_tests.cxx.o -c /home/jeron/prg/examples/opencv_with_jll/deps/opencv-3.0.0/CMakeFiles/feature_tests.cxx
Linking CXX executable cmTC_2a2d7
/usr/bin/cmake -E cmake_link_script CMakeFiles/cmTC_2a2d7.dir/link.txt --verbose=1
/usr/bin/c++        CMakeFiles/cmTC_2a2d7.dir/feature_tests.cxx.o  -o cmTC_2a2d7 -rdynamic 
gmake[1]: Leaving directory '/home/jeron/prg/examples/opencv_with_jll/deps/opencv-3.0.0/CMakeFiles/CMakeTmp'


    Feature record: CXX_FEATURE:0cxx_aggregate_default_initializers
    Feature record: CXX_FEATURE:1cxx_alias_templates
    Feature record: CXX_FEATURE:1cxx_alignas
    Feature record: CXX_FEATURE:1cxx_alignof
    Feature record: CXX_FEATURE:1cxx_attributes
    Feature record: CXX_FEATURE:0cxx_attribute_deprecated
    Feature record: CXX_FEATURE:1cxx_auto_type
    Feature record: CXX_FEATURE:0cxx_binary_literals
    Feature record: CXX_FEATURE:1cxx_constexpr
    Feature record: CXX_FEATURE:0cxx_contextual_conversions
    Feature record: CXX_FEATURE:1cxx_decltype
    Feature record: CXX_FEATURE:0cxx_decltype_auto
    Feature record: CXX_FEATURE:1cxx_decltype_incomplete_return_types
    Feature record: CXX_FEATURE:1cxx_default_function_template_args
    Feature record: CXX_FEATURE:1cxx_defaulted_functions
    Feature record: CXX_FEATURE:1cxx_defaulted_move_initializers
    Feature record: CXX_FEATURE:1cxx_delegating_constructors
    Feature record: CXX_FEATURE:1cxx_deleted_functions
    Feature record: CXX_FEATURE:0cxx_digit_separators
    Feature record: CXX_FEATURE:1cxx_enum_forward_declarations
    Feature record: CXX_FEATURE:1cxx_explicit_conversions
    Feature record: CXX_FEATURE:1cxx_extended_friend_declarations
    Feature record: CXX_FEATURE:1cxx_extern_templates
    Feature record: CXX_FEATURE:1cxx_final
    Feature record: CXX_FEATURE:1cxx_func_identifier
    Feature record: CXX_FEATURE:1cxx_generalized_initializers
    Feature record: CXX_FEATURE:0cxx_generic_lambdas
    Feature record: CXX_FEATURE:1cxx_inheriting_constructors
    Feature record: CXX_FEATURE:1cxx_inline_namespaces
    Feature record: CXX_FEATURE:1cxx_lambdas
    Feature record: CXX_FEATURE:0cxx_lambda_init_captures
    Feature record: CXX_FEATURE:1cxx_local_type_template_args
    Feature record: CXX_FEATURE:1cxx_long_long_type
    Feature record: CXX_FEATURE:1cxx_noexcept
    Feature record: CXX_FEATURE:1cxx_nonstatic_member_init
    Feature record: CXX_FEATURE:1cxx_nullptr
    Feature record: CXX_FEATURE:1cxx_override
    Feature record: CXX_FEATURE:1cxx_range_for
    Feature record: CXX_FEATURE:1cxx_raw_string_literals
    Feature record: CXX_FEATURE:1cxx_reference_qualified_functions
    Feature record: CXX_FEATURE:0cxx_relaxed_constexpr
    Feature record: CXX_FEATURE:0cxx_return_type_deduction
    Feature record: CXX_FEATURE:1cxx_right_angle_brackets
    Feature record: CXX_FEATURE:1cxx_rvalue_references
    Feature record: CXX_FEATURE:1cxx_sizeof_member
    Feature record: CXX_FEATURE:1cxx_static_assert
    Feature record: CXX_FEATURE:1cxx_strong_enums
    Feature record: CXX_FEATURE:1cxx_template_template_parameters
    Feature record: CXX_FEATURE:1cxx_thread_local
    Feature record: CXX_FEATURE:1cxx_trailing_return_types
    Feature record: CXX_FEATURE:1cxx_unicode_literals
    Feature record: CXX_FEATURE:1cxx_uniform_initialization
    Feature record: CXX_FEATURE:1cxx_unrestricted_unions
    Feature record: CXX_FEATURE:1cxx_user_literals
    Feature record: CXX_FEATURE:0cxx_variable_templates
    Feature record: CXX_FEATURE:1cxx_variadic_macros
    Feature record: CXX_FEATURE:1cxx_variadic_templates


Detecting CXX [-std=c++98] compiler features compiled with the following output:
Change Dir: /home/jeron/prg/examples/opencv_with_jll/deps/opencv-3.0.0/CMakeFiles/CMakeTmp

Run Build Command:"/usr/bin/gmake" "cmTC_4afea/fast"
/usr/bin/gmake -f CMakeFiles/cmTC_4afea.dir/build.make CMakeFiles/cmTC_4afea.dir/build
gmake[1]: Entering directory '/home/jeron/prg/examples/opencv_with_jll/deps/opencv-3.0.0/CMakeFiles/CMakeTmp'
Building CXX object CMakeFiles/cmTC_4afea.dir/feature_tests.cxx.o
/usr/bin/c++    -std=c++98 -o CMakeFiles/cmTC_4afea.dir/feature_tests.cxx.o -c /home/jeron/prg/examples/opencv_with_jll/deps/opencv-3.0.0/CMakeFiles/feature_tests.cxx
Linking CXX executable cmTC_4afea
/usr/bin/cmake -E cmake_link_script CMakeFiles/cmTC_4afea.dir/link.txt --verbose=1
/usr/bin/c++        CMakeFiles/cmTC_4afea.dir/feature_tests.cxx.o  -o cmTC_4afea -rdynamic 
gmake[1]: Leaving directory '/home/jeron/prg/examples/opencv_with_jll/deps/opencv-3.0.0/CMakeFiles/CMakeTmp'


    Feature record: CXX_FEATURE:0cxx_aggregate_default_initializers
    Feature record: CXX_FEATURE:0cxx_alias_templates
    Feature record: CXX_FEATURE:0cxx_alignas
    Feature record: CXX_FEATURE:0cxx_alignof
    Feature record: CXX_FEATURE:0cxx_attributes
    Feature record: CXX_FEATURE:0cxx_attribute_deprecated
    Feature record: CXX_FEATURE:0cxx_auto_type
    Feature record: CXX_FEATURE:0cxx_binary_literals
    Feature record: CXX_FEATURE:0cxx_constexpr
    Feature record: CXX_FEATURE:0cxx_contextual_conversions
    Feature record: CXX_FEATURE:0cxx_decltype
    Feature record: CXX_FEATURE:0cxx_decltype_auto
    Feature record: CXX_FEATURE:0cxx_decltype_incomplete_return_types
    Feature record: CXX_FEATURE:0cxx_default_function_template_args
    Feature record: CXX_FEATURE:0cxx_defaulted_functions
    Feature record: CXX_FEATURE:0cxx_defaulted_move_initializers
    Feature record: CXX_FEATURE:0cxx_delegating_constructors
    Feature record: CXX_FEATURE:0cxx_deleted_functions
    Feature record: CXX_FEATURE:0cxx_digit_separators
    Feature record: CXX_FEATURE:0cxx_enum_forward_declarations
    Feature record: CXX_FEATURE:0cxx_explicit_conversions
    Feature record: CXX_FEATURE:0cxx_extended_friend_declarations
    Feature record: CXX_FEATURE:0cxx_extern_templates
    Feature record: CXX_FEATURE:0cxx_final
    Feature record: CXX_FEATURE:0cxx_func_identifier
    Feature record: CXX_FEATURE:0cxx_generalized_initializers
    Feature record: CXX_FEATURE:0cxx_generic_lambdas
    Feature record: CXX_FEATURE:0cxx_inheriting_constructors
    Feature record: CXX_FEATURE:0cxx_inline_namespaces
    Feature record: CXX_FEATURE:0cxx_lambdas
    Feature record: CXX_FEATURE:0cxx_lambda_init_captures
    Feature record: CXX_FEATURE:0cxx_local_type_template_args
    Feature record: CXX_FEATURE:0cxx_long_long_type
    Feature record: CXX_FEATURE:0cxx_noexcept
    Feature record: CXX_FEATURE:0cxx_nonstatic_member_init
    Feature record: CXX_FEATURE:0cxx_nullptr
    Feature record: CXX_FEATURE:0cxx_override
    Feature record: CXX_FEATURE:0cxx_range_for
    Feature record: CXX_FEATURE:0cxx_raw_string_literals
    Feature record: CXX_FEATURE:0cxx_reference_qualified_functions
    Feature record: CXX_FEATURE:0cxx_relaxed_constexpr
    Feature record: CXX_FEATURE:0cxx_return_type_deduction
    Feature record: CXX_FEATURE:0cxx_right_angle_brackets
    Feature record: CXX_FEATURE:0cxx_rvalue_references
    Feature record: CXX_FEATURE:0cxx_sizeof_member
    Feature record: CXX_FEATURE:0cxx_static_assert
    Feature record: CXX_FEATURE:0cxx_strong_enums
    Feature record: CXX_FEATURE:1cxx_template_template_parameters
    Feature record: CXX_FEATURE:0cxx_thread_local
    Feature record: CXX_FEATURE:0cxx_trailing_return_types
    Feature record: CXX_FEATURE:0cxx_unicode_literals
    Feature record: CXX_FEATURE:0cxx_uniform_initialization
    Feature record: CXX_FEATURE:0cxx_unrestricted_unions
    Feature record: CXX_FEATURE:0cxx_user_literals
    Feature record: CXX_FEATURE:0cxx_variable_templates
    Feature record: CXX_FEATURE:0cxx_variadic_macros
    Feature record: CXX_FEATURE:0cxx_variadic_templates
Determining if the C compiler works passed with the following output:
Change Dir: /home/jeron/prg/examples/opencv_with_jll/deps/opencv-3.0.0/CMakeFiles/CMakeTmp

Run Build Command:"/usr/bin/gmake" "cmTC_2873c/fast"
/usr/bin/gmake -f CMakeFiles/cmTC_2873c.dir/build.make CMakeFiles/cmTC_2873c.dir/build
gmake[1]: Entering directory '/home/jeron/prg/examples/opencv_with_jll/deps/opencv-3.0.0/CMakeFiles/CMakeTmp'
Building C object CMakeFiles/cmTC_2873c.dir/testCCompiler.c.o
/usr/bin/cc    -o CMakeFiles/cmTC_2873c.dir/testCCompiler.c.o   -c /home/jeron/prg/examples/opencv_with_jll/deps/opencv-3.0.0/CMakeFiles/CMakeTmp/testCCompiler.c
Linking C executable cmTC_2873c
/usr/bin/cmake -E cmake_link_script CMakeFiles/cmTC_2873c.dir/link.txt --verbose=1
/usr/bin/cc       CMakeFiles/cmTC_2873c.dir/testCCompiler.c.o  -o cmTC_2873c -rdynamic 
gmake[1]: Leaving directory '/home/jeron/prg/examples/opencv_with_jll/deps/opencv-3.0.0/CMakeFiles/CMakeTmp'


Detecting C compiler ABI info compiled with the following output:
Change Dir: /home/jeron/prg/examples/opencv_with_jll/deps/opencv-3.0.0/CMakeFiles/CMakeTmp

Run Build Command:"/usr/bin/gmake" "cmTC_485ac/fast"
/usr/bin/gmake -f CMakeFiles/cmTC_485ac.dir/build.make CMakeFiles/cmTC_485ac.dir/build
gmake[1]: Entering directory '/home/jeron/prg/examples/opencv_with_jll/deps/opencv-3.0.0/CMakeFiles/CMakeTmp'
Building C object CMakeFiles/cmTC_485ac.dir/CMakeCCompilerABI.c.o
/usr/bin/cc    -o CMakeFiles/cmTC_485ac.dir/CMakeCCompilerABI.c.o   -c /usr/share/cmake/Modules/CMakeCCompilerABI.c
Linking C executable cmTC_485ac
/usr/bin/cmake -E cmake_link_script CMakeFiles/cmTC_485ac.dir/link.txt --verbose=1
/usr/bin/cc      -v CMakeFiles/cmTC_485ac.dir/CMakeCCompilerABI.c.o  -o cmTC_485ac -rdynamic  
Using built-in specs.
COLLECT_GCC=/usr/bin/cc
COLLECT_LTO_WRAPPER=/usr/libexec/gcc/x86_64-redhat-linux/5.3.1/lto-wrapper
Target: x86_64-redhat-linux
Configured with: ../configure --enable-bootstrap --enable-languages=c,c++,objc,obj-c++,fortran,ada,go,lto --prefix=/usr --mandir=/usr/share/man --infodir=/usr/share/info --with-bugurl=http://bugzilla.redhat.com/bugzilla --enable-shared --enable-threads=posix --enable-checking=release --enable-multilib --with-system-zlib --enable-__cxa_atexit --disable-libunwind-exceptions --enable-gnu-unique-object --enable-linker-build-id --with-linker-hash-style=gnu --enable-plugin --enable-initfini-array --disable-libgcj --with-isl --enable-libmpx --enable-gnu-indirect-function --with-tune=generic --with-arch_32=i686 --build=x86_64-redhat-linux
Thread model: posix
gcc version 5.3.1 20151207 (Red Hat 5.3.1-2) (GCC) 
COMPILER_PATH=/usr/libexec/gcc/x86_64-redhat-linux/5.3.1/:/usr/libexec/gcc/x86_64-redhat-linux/5.3.1/:/usr/libexec/gcc/x86_64-redhat-linux/:/usr/lib/gcc/x86_64-redhat-linux/5.3.1/:/usr/lib/gcc/x86_64-redhat-linux/
LIBRARY_PATH=/usr/lib/gcc/x86_64-redhat-linux/5.3.1/:/usr/lib/gcc/x86_64-redhat-linux/5.3.1/../../../../lib64/:/lib/../lib64/:/usr/lib/../lib64/:/usr/lib/gcc/x86_64-redhat-linux/5.3.1/../../../:/lib/:/usr/lib/
COLLECT_GCC_OPTIONS='-v' '-o' 'cmTC_485ac' '-rdynamic' '-mtune=generic' '-march=x86-64'
 /usr/libexec/gcc/x86_64-redhat-linux/5.3.1/collect2 -plugin /usr/libexec/gcc/x86_64-redhat-linux/5.3.1/liblto_plugin.so -plugin-opt=/usr/libexec/gcc/x86_64-redhat-linux/5.3.1/lto-wrapper -plugin-opt=-fresolution=/tmp/ccGRep8w.res -plugin-opt=-pass-through=-lgcc -plugin-opt=-pass-through=-lgcc_s -plugin-opt=-pass-through=-lc -plugin-opt=-pass-through=-lgcc -plugin-opt=-pass-through=-lgcc_s --build-id --no-add-needed --eh-frame-hdr --hash-style=gnu -m elf_x86_64 -export-dynamic -dynamic-linker /lib64/ld-linux-x86-64.so.2 -o cmTC_485ac /usr/lib/gcc/x86_64-redhat-linux/5.3.1/../../../../lib64/crt1.o /usr/lib/gcc/x86_64-redhat-linux/5.3.1/../../../../lib64/crti.o /usr/lib/gcc/x86_64-redhat-linux/5.3.1/crtbegin.o -L/usr/lib/gcc/x86_64-redhat-linux/5.3.1 -L/usr/lib/gcc/x86_64-redhat-linux/5.3.1/../../../../lib64 -L/lib/../lib64 -L/usr/lib/../lib64 -L/usr/lib/gcc/x86_64-redhat-linux/5.3.1/../../.. CMakeFiles/cmTC_485ac.dir/CMakeCCompilerABI.c.o -lgcc --as-needed -lgcc_s --no-as-needed -lc -lgcc --as-needed -lgcc_s --no-as-needed /usr/lib/gcc/x86_64-redhat-linux/5.3.1/crtend.o /usr/lib/gcc/x86_64-redhat-linux/5.3.1/../../../../lib64/crtn.o
gmake[1]: Leaving directory '/home/jeron/prg/examples/opencv_with_jll/deps/opencv-3.0.0/CMakeFiles/CMakeTmp'


Parsed C implicit link information from above output:
  link line regex: [^( *|.*[/\])(ld|([^/\]+-)?ld|collect2)[^/\]*( |$)]
  ignore line: [Change Dir: /home/jeron/prg/examples/opencv_with_jll/deps/opencv-3.0.0/CMakeFiles/CMakeTmp]
  ignore line: []
  ignore line: [Run Build Command:"/usr/bin/gmake" "cmTC_485ac/fast"]
  ignore line: [/usr/bin/gmake -f CMakeFiles/cmTC_485ac.dir/build.make CMakeFiles/cmTC_485ac.dir/build]
  ignore line: [gmake[1]: Entering directory '/home/jeron/prg/examples/opencv_with_jll/deps/opencv-3.0.0/CMakeFiles/CMakeTmp']
  ignore line: [Building C object CMakeFiles/cmTC_485ac.dir/CMakeCCompilerABI.c.o]
  ignore line: [/usr/bin/cc    -o CMakeFiles/cmTC_485ac.dir/CMakeCCompilerABI.c.o   -c /usr/share/cmake/Modules/CMakeCCompilerABI.c]
  ignore line: [Linking C executable cmTC_485ac]
  ignore line: [/usr/bin/cmake -E cmake_link_script CMakeFiles/cmTC_485ac.dir/link.txt --verbose=1]
  ignore line: [/usr/bin/cc      -v CMakeFiles/cmTC_485ac.dir/CMakeCCompilerABI.c.o  -o cmTC_485ac -rdynamic  ]
  ignore line: [Using built-in specs.]
  ignore line: [COLLECT_GCC=/usr/bin/cc]
  ignore line: [COLLECT_LTO_WRAPPER=/usr/libexec/gcc/x86_64-redhat-linux/5.3.1/lto-wrapper]
  ignore line: [Target: x86_64-redhat-linux]
  ignore line: [Configured with: ../configure --enable-bootstrap --enable-languages=c,c++,objc,obj-c++,fortran,ada,go,lto --prefix=/usr --mandir=/usr/share/man --infodir=/usr/share/info --with-bugurl=http://bugzilla.redhat.com/bugzilla --enable-shared --enable-threads=posix --enable-checking=release --enable-multilib --with-system-zlib --enable-__cxa_atexit --disable-libunwind-exceptions --enable-gnu-unique-object --enable-linker-build-id --with-linker-hash-style=gnu --enable-plugin --enable-initfini-array --disable-libgcj --with-isl --enable-libmpx --enable-gnu-indirect-function --with-tune=generic --with-arch_32=i686 --build=x86_64-redhat-linux]
  ignore line: [Thread model: posix]
  ignore line: [gcc version 5.3.1 20151207 (Red Hat 5.3.1-2) (GCC) ]
  ignore line: [COMPILER_PATH=/usr/libexec/gcc/x86_64-redhat-linux/5.3.1/:/usr/libexec/gcc/x86_64-redhat-linux/5.3.1/:/usr/libexec/gcc/x86_64-redhat-linux/:/usr/lib/gcc/x86_64-redhat-linux/5.3.1/:/usr/lib/gcc/x86_64-redhat-linux/]
  ignore line: [LIBRARY_PATH=/usr/lib/gcc/x86_64-redhat-linux/5.3.1/:/usr/lib/gcc/x86_64-redhat-linux/5.3.1/../../../../lib64/:/lib/../lib64/:/usr/lib/../lib64/:/usr/lib/gcc/x86_64-redhat-linux/5.3.1/../../../:/lib/:/usr/lib/]
  ignore line: [COLLECT_GCC_OPTIONS='-v' '-o' 'cmTC_485ac' '-rdynamic' '-mtune=generic' '-march=x86-64']
  link line: [ /usr/libexec/gcc/x86_64-redhat-linux/5.3.1/collect2 -plugin /usr/libexec/gcc/x86_64-redhat-linux/5.3.1/liblto_plugin.so -plugin-opt=/usr/libexec/gcc/x86_64-redhat-linux/5.3.1/lto-wrapper -plugin-opt=-fresolution=/tmp/ccGRep8w.res -plugin-opt=-pass-through=-lgcc -plugin-opt=-pass-through=-lgcc_s -plugin-opt=-pass-through=-lc -plugin-opt=-pass-through=-lgcc -plugin-opt=-pass-through=-lgcc_s --build-id --no-add-needed --eh-frame-hdr --hash-style=gnu -m elf_x86_64 -export-dynamic -dynamic-linker /lib64/ld-linux-x86-64.so.2 -o cmTC_485ac /usr/lib/gcc/x86_64-redhat-linux/5.3.1/../../../../lib64/crt1.o /usr/lib/gcc/x86_64-redhat-linux/5.3.1/../../../../lib64/crti.o /usr/lib/gcc/x86_64-redhat-linux/5.3.1/crtbegin.o -L/usr/lib/gcc/x86_64-redhat-linux/5.3.1 -L/usr/lib/gcc/x86_64-redhat-linux/5.3.1/../../../../lib64 -L/lib/../lib64 -L/usr/lib/../lib64 -L/usr/lib/gcc/x86_64-redhat-linux/5.3.1/../../.. CMakeFiles/cmTC_485ac.dir/CMakeCCompilerABI.c.o -lgcc --as-needed -lgcc_s --no-as-needed -lc -lgcc --as-needed -lgcc_s --no-as-needed /usr/lib/gcc/x86_64-redhat-linux/5.3.1/crtend.o /usr/lib/gcc/x86_64-redhat-linux/5.3.1/../../../../lib64/crtn.o]
    arg [/usr/libexec/gcc/x86_64-redhat-linux/5.3.1/collect2] ==> ignore
    arg [-plugin] ==> ignore
    arg [/usr/libexec/gcc/x86_64-redhat-linux/5.3.1/liblto_plugin.so] ==> ignore
    arg [-plugin-opt=/usr/libexec/gcc/x86_64-redhat-linux/5.3.1/lto-wrapper] ==> ignore
    arg [-plugin-opt=-fresolution=/tmp/ccGRep8w.res] ==> ignore
    arg [-plugin-opt=-pass-through=-lgcc] ==> ignore
    arg [-plugin-opt=-pass-through=-lgcc_s] ==> ignore
    arg [-plugin-opt=-pass-through=-lc] ==> ignore
    arg [-plugin-opt=-pass-through=-lgcc] ==> ignore
    arg [-plugin-opt=-pass-through=-lgcc_s] ==> ignore
    arg [--build-id] ==> ignore
    arg [--no-add-needed] ==> ignore
    arg [--eh-frame-hdr] ==> ignore
    arg [--hash-style=gnu] ==> ignore
    arg [-m] ==> ignore
    arg [elf_x86_64] ==> ignore
    arg [-export-dynamic] ==> ignore
    arg [-dynamic-linker] ==> ignore
    arg [/lib64/ld-linux-x86-64.so.2] ==> ignore
    arg [-o] ==> ignore
    arg [cmTC_485ac] ==> ignore
    arg [/usr/lib/gcc/x86_64-redhat-linux/5.3.1/../../../../lib64/crt1.o] ==> ignore
    arg [/usr/lib/gcc/x86_64-redhat-linux/5.3.1/../../../../lib64/crti.o] ==> ignore
    arg [/usr/lib/gcc/x86_64-redhat-linux/5.3.1/crtbegin.o] ==> ignore
    arg [-L/usr/lib/gcc/x86_64-redhat-linux/5.3.1] ==> dir [/usr/lib/gcc/x86_64-redhat-linux/5.3.1]
    arg [-L/usr/lib/gcc/x86_64-redhat-linux/5.3.1/../../../../lib64] ==> dir [/usr/lib/gcc/x86_64-redhat-linux/5.3.1/../../../../lib64]
    arg [-L/lib/../lib64] ==> dir [/lib/../lib64]
    arg [-L/usr/lib/../lib64] ==> dir [/usr/lib/../lib64]
    arg [-L/usr/lib/gcc/x86_64-redhat-linux/5.3.1/../../..] ==> dir [/usr/lib/gcc/x86_64-redhat-linux/5.3.1/../../..]
    arg [CMakeFiles/cmTC_485ac.dir/CMakeCCompilerABI.c.o] ==> ignore
    arg [-lgcc] ==> lib [gcc]
    arg [--as-needed] ==> ignore
    arg [-lgcc_s] ==> lib [gcc_s]
    arg [--no-as-needed] ==> ignore
    arg [-lc] ==> lib [c]
    arg [-lgcc] ==> lib [gcc]
    arg [--as-needed] ==> ignore
    arg [-lgcc_s] ==> lib [gcc_s]
    arg [--no-as-needed] ==> ignore
    arg [/usr/lib/gcc/x86_64-redhat-linux/5.3.1/crtend.o] ==> ignore
    arg [/usr/lib/gcc/x86_64-redhat-linux/5.3.1/../../../../lib64/crtn.o] ==> ignore
  remove lib [gcc]
  remove lib [gcc_s]
  remove lib [gcc]
  remove lib [gcc_s]
  collapse library dir [/usr/lib/gcc/x86_64-redhat-linux/5.3.1] ==> [/usr/lib/gcc/x86_64-redhat-linux/5.3.1]
  collapse library dir [/usr/lib/gcc/x86_64-redhat-linux/5.3.1/../../../../lib64] ==> [/usr/lib64]
  collapse library dir [/lib/../lib64] ==> [/lib64]
  collapse library dir [/usr/lib/../lib64] ==> [/usr/lib64]
  collapse library dir [/usr/lib/gcc/x86_64-redhat-linux/5.3.1/../../..] ==> [/usr/lib]
  implicit libs: [c]
  implicit dirs: [/usr/lib/gcc/x86_64-redhat-linux/5.3.1;/usr/lib64;/lib64;/usr/lib]
  implicit fwks: []




Detecting C [-std=c11] compiler features compiled with the following output:
Change Dir: /home/jeron/prg/examples/opencv_with_jll/deps/opencv-3.0.0/CMakeFiles/CMakeTmp

Run Build Command:"/usr/bin/gmake" "cmTC_ea7a1/fast"
/usr/bin/gmake -f CMakeFiles/cmTC_ea7a1.dir/build.make CMakeFiles/cmTC_ea7a1.dir/build
gmake[1]: Entering directory '/home/jeron/prg/examples/opencv_with_jll/deps/opencv-3.0.0/CMakeFiles/CMakeTmp'
Building C object CMakeFiles/cmTC_ea7a1.dir/feature_tests.c.o
/usr/bin/cc   -std=c11 -o CMakeFiles/cmTC_ea7a1.dir/feature_tests.c.o   -c /home/jeron/prg/examples/opencv_with_jll/deps/opencv-3.0.0/CMakeFiles/feature_tests.c
Linking C executable cmTC_ea7a1
/usr/bin/cmake -E cmake_link_script CMakeFiles/cmTC_ea7a1.dir/link.txt --verbose=1
/usr/bin/cc       CMakeFiles/cmTC_ea7a1.dir/feature_tests.c.o  -o cmTC_ea7a1 -rdynamic 
gmake[1]: Leaving directory '/home/jeron/prg/examples/opencv_with_jll/deps/opencv-3.0.0/CMakeFiles/CMakeTmp'


    Feature record: C_FEATURE:1c_function_prototypes
    Feature record: C_FEATURE:1c_restrict
    Feature record: C_FEATURE:1c_static_assert
    Feature record: C_FEATURE:1c_variadic_macros


Detecting C [-std=c99] compiler features compiled with the following output:
Change Dir: /home/jeron/prg/examples/opencv_with_jll/deps/opencv-3.0.0/CMakeFiles/CMakeTmp

Run Build Command:"/usr/bin/gmake" "cmTC_5af3e/fast"
/usr/bin/gmake -f CMakeFiles/cmTC_5af3e.dir/build.make CMakeFiles/cmTC_5af3e.dir/build
gmake[1]: Entering directory '/home/jeron/prg/examples/opencv_with_jll/deps/opencv-3.0.0/CMakeFiles/CMakeTmp'
Building C object CMakeFiles/cmTC_5af3e.dir/feature_tests.c.o
/usr/bin/cc   -std=c99 -o CMakeFiles/cmTC_5af3e.dir/feature_tests.c.o   -c /home/jeron/prg/examples/opencv_with_jll/deps/opencv-3.0.0/CMakeFiles/feature_tests.c
Linking C executable cmTC_5af3e
/usr/bin/cmake -E cmake_link_script CMakeFiles/cmTC_5af3e.dir/link.txt --verbose=1
/usr/bin/cc       CMakeFiles/cmTC_5af3e.dir/feature_tests.c.o  -o cmTC_5af3e -rdynamic 
gmake[1]: Leaving directory '/home/jeron/prg/examples/opencv_with_jll/deps/opencv-3.0.0/CMakeFiles/CMakeTmp'


    Feature record: C_FEATURE:1c_function_prototypes
    Feature record: C_FEATURE:1c_restrict
    Feature record: C_FEATURE:0c_static_assert
    Feature record: C_FEATURE:1c_variadic_macros


Detecting C [-std=c90] compiler features compiled with the following output:
Change Dir: /home/jeron/prg/examples/opencv_with_jll/deps/opencv-3.0.0/CMakeFiles/CMakeTmp

Run Build Command:"/usr/bin/gmake" "cmTC_c57c2/fast"
/usr/bin/gmake -f CMakeFiles/cmTC_c57c2.dir/build.make CMakeFiles/cmTC_c57c2.dir/build
gmake[1]: Entering directory '/home/jeron/prg/examples/opencv_with_jll/deps/opencv-3.0.0/CMakeFiles/CMakeTmp'
Building C object CMakeFiles/cmTC_c57c2.dir/feature_tests.c.o
/usr/bin/cc   -std=c90 -o CMakeFiles/cmTC_c57c2.dir/feature_tests.c.o   -c /home/jeron/prg/examples/opencv_with_jll/deps/opencv-3.0.0/CMakeFiles/feature_tests.c
Linking C executable cmTC_c57c2
/usr/bin/cmake -E cmake_link_script CMakeFiles/cmTC_c57c2.dir/link.txt --verbose=1
/usr/bin/cc       CMakeFiles/cmTC_c57c2.dir/feature_tests.c.o  -o cmTC_c57c2 -rdynamic 
gmake[1]: Leaving directory '/home/jeron/prg/examples/opencv_with_jll/deps/opencv-3.0.0/CMakeFiles/CMakeTmp'


    Feature record: C_FEATURE:1c_function_prototypes
    Feature record: C_FEATURE:0c_restrict
    Feature record: C_FEATURE:0c_static_assert
    Feature record: C_FEATURE:0c_variadic_macros
Determining if the include file pthread.h exists passed with the following output:
Change Dir: /home/jeron/prg/examples/opencv_with_jll/deps/opencv-3.0.0/CMakeFiles/CMakeTmp

Run Build Command:"/usr/bin/gmake" "cmTC_ca6f3/fast"
/usr/bin/gmake -f CMakeFiles/cmTC_ca6f3.dir/build.make CMakeFiles/cmTC_ca6f3.dir/build
gmake[1]: Entering directory '/home/jeron/prg/examples/opencv_with_jll/deps/opencv-3.0.0/CMakeFiles/CMakeTmp'
Building C object CMakeFiles/cmTC_ca6f3.dir/CheckIncludeFile.c.o
/usr/bin/cc   -fsigned-char -W -Wall -Werror=return-type -Werror=non-virtual-dtor -Werror=address -Werror=sequence-point -Wformat -Werror=format-security -Wmissing-declarations -Wmissing-prototypes -Wstrict-prototypes -Wundef -Winit-self -Wpointer-arith -Wshadow -Wno-narrowing -fdiagnostics-show-option -Wno-long-long -pthread -fomit-frame-pointer -msse -msse2 -mno-avx -msse3 -mno-ssse3 -mno-sse4.1 -mno-sse4.2 -ffunction-sections -fvisibility=hidden  -O3 -DNDEBUG   -o CMakeFiles/cmTC_ca6f3.dir/CheckIncludeFile.c.o   -c /home/jeron/prg/examples/opencv_with_jll/deps/opencv-3.0.0/CMakeFiles/CMakeTmp/CheckIncludeFile.c
Linking C executable cmTC_ca6f3
/usr/bin/cmake -E cmake_link_script CMakeFiles/cmTC_ca6f3.dir/link.txt --verbose=1
/usr/bin/cc     -fsigned-char -W -Wall -Werror=return-type -Werror=non-virtual-dtor -Werror=address -Werror=sequence-point -Wformat -Werror=format-security -Wmissing-declarations -Wmissing-prototypes -Wstrict-prototypes -Wundef -Winit-self -Wpointer-arith -Wshadow -Wno-narrowing -fdiagnostics-show-option -Wno-long-long -pthread -fomit-frame-pointer -msse -msse2 -mno-avx -msse3 -mno-ssse3 -mno-sse4.1 -mno-sse4.2 -ffunction-sections -fvisibility=hidden  -O3 -DNDEBUG    CMakeFiles/cmTC_ca6f3.dir/CheckIncludeFile.c.o  -o cmTC_ca6f3 -rdynamic 
gmake[1]: Leaving directory '/home/jeron/prg/examples/opencv_with_jll/deps/opencv-3.0.0/CMakeFiles/CMakeTmp'


Determining if the include file sys/types.h exists passed with the following output:
Change Dir: /home/jeron/prg/examples/opencv_with_jll/deps/opencv-3.0.0/CMakeFiles/CMakeTmp

Run Build Command:"/usr/bin/gmake" "cmTC_2b4db/fast"
/usr/bin/gmake -f CMakeFiles/cmTC_2b4db.dir/build.make CMakeFiles/cmTC_2b4db.dir/build
gmake[1]: Entering directory '/home/jeron/prg/examples/opencv_with_jll/deps/opencv-3.0.0/CMakeFiles/CMakeTmp'
Building C object CMakeFiles/cmTC_2b4db.dir/CheckIncludeFile.c.o
/usr/bin/cc   -fsigned-char -W -Wall -Werror=return-type -Werror=non-virtual-dtor -Werror=address -Werror=sequence-point -Wformat -Werror=format-security -Wmissing-declarations -Wmissing-prototypes -Wstrict-prototypes -Wundef -Winit-self -Wpointer-arith -Wshadow -Wno-narrowing -fdiagnostics-show-option -Wno-long-long -pthread -fomit-frame-pointer -msse -msse2 -mno-avx -msse3 -mno-ssse3 -mno-sse4.1 -mno-sse4.2 -ffunction-sections -fvisibility=hidden  -O3 -DNDEBUG   -o CMakeFiles/cmTC_2b4db.dir/CheckIncludeFile.c.o   -c /home/jeron/prg/examples/opencv_with_jll/deps/opencv-3.0.0/CMakeFiles/CMakeTmp/CheckIncludeFile.c
Linking C executable cmTC_2b4db
/usr/bin/cmake -E cmake_link_script CMakeFiles/cmTC_2b4db.dir/link.txt --verbose=1
/usr/bin/cc     -fsigned-char -W -Wall -Werror=return-type -Werror=non-virtual-dtor -Werror=address -Werror=sequence-point -Wformat -Werror=format-security -Wmissing-declarations -Wmissing-prototypes -Wstrict-prototypes -Wundef -Winit-self -Wpointer-arith -Wshadow -Wno-narrowing -fdiagnostics-show-option -Wno-long-long -pthread -fomit-frame-pointer -msse -msse2 -mno-avx -msse3 -mno-ssse3 -mno-sse4.1 -mno-sse4.2 -ffunction-sections -fvisibility=hidden  -O3 -DNDEBUG    CMakeFiles/cmTC_2b4db.dir/CheckIncludeFile.c.o  -o cmTC_2b4db -rdynamic 
gmake[1]: Leaving directory '/home/jeron/prg/examples/opencv_with_jll/deps/opencv-3.0.0/CMakeFiles/CMakeTmp'


Determining if the include file stdint.h exists passed with the following output:
Change Dir: /home/jeron/prg/examples/opencv_with_jll/deps/opencv-3.0.0/CMakeFiles/CMakeTmp

Run Build Command:"/usr/bin/gmake" "cmTC_ee39a/fast"
/usr/bin/gmake -f CMakeFiles/cmTC_ee39a.dir/build.make CMakeFiles/cmTC_ee39a.dir/build
gmake[1]: Entering directory '/home/jeron/prg/examples/opencv_with_jll/deps/opencv-3.0.0/CMakeFiles/CMakeTmp'
Building C object CMakeFiles/cmTC_ee39a.dir/CheckIncludeFile.c.o
/usr/bin/cc   -fsigned-char -W -Wall -Werror=return-type -Werror=non-virtual-dtor -Werror=address -Werror=sequence-point -Wformat -Werror=format-security -Wmissing-declarations -Wmissing-prototypes -Wstrict-prototypes -Wundef -Winit-self -Wpointer-arith -Wshadow -Wno-narrowing -fdiagnostics-show-option -Wno-long-long -pthread -fomit-frame-pointer -msse -msse2 -mno-avx -msse3 -mno-ssse3 -mno-sse4.1 -mno-sse4.2 -ffunction-sections -fvisibility=hidden  -O3 -DNDEBUG   -o CMakeFiles/cmTC_ee39a.dir/CheckIncludeFile.c.o   -c /home/jeron/prg/examples/opencv_with_jll/deps/opencv-3.0.0/CMakeFiles/CMakeTmp/CheckIncludeFile.c
Linking C executable cmTC_ee39a
/usr/bin/cmake -E cmake_link_script CMakeFiles/cmTC_ee39a.dir/link.txt --verbose=1
/usr/bin/cc     -fsigned-char -W -Wall -Werror=return-type -Werror=non-virtual-dtor -Werror=address -Werror=sequence-point -Wformat -Werror=format-security -Wmissing-declarations -Wmissing-prototypes -Wstrict-prototypes -Wundef -Winit-self -Wpointer-arith -Wshadow -Wno-narrowing -fdiagnostics-show-option -Wno-long-long -pthread -fomit-frame-pointer -msse -msse2 -mno-avx -msse3 -mno-ssse3 -mno-sse4.1 -mno-sse4.2 -ffunction-sections -fvisibility=hidden  -O3 -DNDEBUG    CMakeFiles/cmTC_ee39a.dir/CheckIncludeFile.c.o  -o cmTC_ee39a -rdynamic 
gmake[1]: Leaving directory '/home/jeron/prg/examples/opencv_with_jll/deps/opencv-3.0.0/CMakeFiles/CMakeTmp'


Determining if the include file stddef.h exists passed with the following output:
Change Dir: /home/jeron/prg/examples/opencv_with_jll/deps/opencv-3.0.0/CMakeFiles/CMakeTmp

Run Build Command:"/usr/bin/gmake" "cmTC_834d7/fast"
/usr/bin/gmake -f CMakeFiles/cmTC_834d7.dir/build.make CMakeFiles/cmTC_834d7.dir/build
gmake[1]: Entering directory '/home/jeron/prg/examples/opencv_with_jll/deps/opencv-3.0.0/CMakeFiles/CMakeTmp'
Building C object CMakeFiles/cmTC_834d7.dir/CheckIncludeFile.c.o
/usr/bin/cc   -fsigned-char -W -Wall -Werror=return-type -Werror=non-virtual-dtor -Werror=address -Werror=sequence-point -Wformat -Werror=format-security -Wmissing-declarations -Wmissing-prototypes -Wstrict-prototypes -Wundef -Winit-self -Wpointer-arith -Wshadow -Wno-narrowing -fdiagnostics-show-option -Wno-long-long -pthread -fomit-frame-pointer -msse -msse2 -mno-avx -msse3 -mno-ssse3 -mno-sse4.1 -mno-sse4.2 -ffunction-sections -fvisibility=hidden  -O3 -DNDEBUG   -o CMakeFiles/cmTC_834d7.dir/CheckIncludeFile.c.o   -c /home/jeron/prg/examples/opencv_with_jll/deps/opencv-3.0.0/CMakeFiles/CMakeTmp/CheckIncludeFile.c
Linking C executable cmTC_834d7
/usr/bin/cmake -E cmake_link_script CMakeFiles/cmTC_834d7.dir/link.txt --verbose=1
/usr/bin/cc     -fsigned-char -W -Wall -Werror=return-type -Werror=non-virtual-dtor -Werror=address -Werror=sequence-point -Wformat -Werror=format-security -Wmissing-declarations -Wmissing-prototypes -Wstrict-prototypes -Wundef -Winit-self -Wpointer-arith -Wshadow -Wno-narrowing -fdiagnostics-show-option -Wno-long-long -pthread -fomit-frame-pointer -msse -msse2 -mno-avx -msse3 -mno-ssse3 -mno-sse4.1 -mno-sse4.2 -ffunction-sections -fvisibility=hidden  -O3 -DNDEBUG    CMakeFiles/cmTC_834d7.dir/CheckIncludeFile.c.o  -o cmTC_834d7 -rdynamic 
gmake[1]: Leaving directory '/home/jeron/prg/examples/opencv_with_jll/deps/opencv-3.0.0/CMakeFiles/CMakeTmp'


Determining size of unsigned short passed with the following output:
Change Dir: /home/jeron/prg/examples/opencv_with_jll/deps/opencv-3.0.0/CMakeFiles/CMakeTmp

Run Build Command:"/usr/bin/gmake" "cmTC_81458/fast"
/usr/bin/gmake -f CMakeFiles/cmTC_81458.dir/build.make CMakeFiles/cmTC_81458.dir/build
gmake[1]: Entering directory '/home/jeron/prg/examples/opencv_with_jll/deps/opencv-3.0.0/CMakeFiles/CMakeTmp'
Building C object CMakeFiles/cmTC_81458.dir/CMAKE_SIZEOF_UNSIGNED_SHORT.c.o
/usr/bin/cc   -fsigned-char -W -Wall -Werror=return-type -Werror=non-virtual-dtor -Werror=address -Werror=sequence-point -Wformat -Werror=format-security -Wmissing-declarations -Wmissing-prototypes -Wstrict-prototypes -Wundef -Winit-self -Wpointer-arith -Wshadow -Wno-narrowing -fdiagnostics-show-option -Wno-long-long -pthread -fomit-frame-pointer -msse -msse2 -mno-avx -msse3 -mno-ssse3 -mno-sse4.1 -mno-sse4.2 -ffunction-sections -fvisibility=hidden  -O3 -DNDEBUG   -o CMakeFiles/cmTC_81458.dir/CMAKE_SIZEOF_UNSIGNED_SHORT.c.o   -c /home/jeron/prg/examples/opencv_with_jll/deps/opencv-3.0.0/CMakeFiles/CheckTypeSize/CMAKE_SIZEOF_UNSIGNED_SHORT.c
Linking C executable cmTC_81458
/usr/bin/cmake -E cmake_link_script CMakeFiles/cmTC_81458.dir/link.txt --verbose=1
/usr/bin/cc     -fsigned-char -W -Wall -Werror=return-type -Werror=non-virtual-dtor -Werror=address -Werror=sequence-point -Wformat -Werror=format-security -Wmissing-declarations -Wmissing-prototypes -Wstrict-prototypes -Wundef -Winit-self -Wpointer-arith -Wshadow -Wno-narrowing -fdiagnostics-show-option -Wno-long-long -pthread -fomit-frame-pointer -msse -msse2 -mno-avx -msse3 -mno-ssse3 -mno-sse4.1 -mno-sse4.2 -ffunction-sections -fvisibility=hidden  -O3 -DNDEBUG    CMakeFiles/cmTC_81458.dir/CMAKE_SIZEOF_UNSIGNED_SHORT.c.o  -o cmTC_81458 -rdynamic 
gmake[1]: Leaving directory '/home/jeron/prg/examples/opencv_with_jll/deps/opencv-3.0.0/CMakeFiles/CMakeTmp'


Determining if the include file assert.h exists passed with the following output:
Change Dir: /home/jeron/prg/examples/opencv_with_jll/deps/opencv-3.0.0/CMakeFiles/CMakeTmp

Run Build Command:"/usr/bin/gmake" "cmTC_bd435/fast"
/usr/bin/gmake -f CMakeFiles/cmTC_bd435.dir/build.make CMakeFiles/cmTC_bd435.dir/build
gmake[1]: Entering directory '/home/jeron/prg/examples/opencv_with_jll/deps/opencv-3.0.0/CMakeFiles/CMakeTmp'
Building C object CMakeFiles/cmTC_bd435.dir/CheckIncludeFile.c.o
/usr/bin/cc   -fsigned-char -W -Wall -Werror=return-type -Werror=non-virtual-dtor -Werror=address -Werror=sequence-point -Wformat -Werror=format-security -Wmissing-declarations -Wmissing-prototypes -Wstrict-prototypes -Wundef -Winit-self -Wpointer-arith -Wshadow -Wno-narrowing -fdiagnostics-show-option -Wno-long-long -pthread -fomit-frame-pointer -msse -msse2 -mno-avx -msse3 -mno-ssse3 -mno-sse4.1 -mno-sse4.2 -ffunction-sections -fvisibility=hidden  -O3 -DNDEBUG   -o CMakeFiles/cmTC_bd435.dir/CheckIncludeFile.c.o   -c /home/jeron/prg/examples/opencv_with_jll/deps/opencv-3.0.0/CMakeFiles/CMakeTmp/CheckIncludeFile.c
Linking C executable cmTC_bd435
/usr/bin/cmake -E cmake_link_script CMakeFiles/cmTC_bd435.dir/link.txt --verbose=1
/usr/bin/cc     -fsigned-char -W -Wall -Werror=return-type -Werror=non-virtual-dtor -Werror=address -Werror=sequence-point -Wformat -Werror=format-security -Wmissing-declarations -Wmissing-prototypes -Wstrict-prototypes -Wundef -Winit-self -Wpointer-arith -Wshadow -Wno-narrowing -fdiagnostics-show-option -Wno-long-long -pthread -fomit-frame-pointer -msse -msse2 -mno-avx -msse3 -mno-ssse3 -mno-sse4.1 -mno-sse4.2 -ffunction-sections -fvisibility=hidden  -O3 -DNDEBUG    CMakeFiles/cmTC_bd435.dir/CheckIncludeFile.c.o  -o cmTC_bd435 -rdynamic 
gmake[1]: Leaving directory '/home/jeron/prg/examples/opencv_with_jll/deps/opencv-3.0.0/CMakeFiles/CMakeTmp'


Determining if the include file fcntl.h exists passed with the following output:
Change Dir: /home/jeron/prg/examples/opencv_with_jll/deps/opencv-3.0.0/CMakeFiles/CMakeTmp

Run Build Command:"/usr/bin/gmake" "cmTC_ecf18/fast"
/usr/bin/gmake -f CMakeFiles/cmTC_ecf18.dir/build.make CMakeFiles/cmTC_ecf18.dir/build
gmake[1]: Entering directory '/home/jeron/prg/examples/opencv_with_jll/deps/opencv-3.0.0/CMakeFiles/CMakeTmp'
Building C object CMakeFiles/cmTC_ecf18.dir/CheckIncludeFile.c.o
/usr/bin/cc   -fsigned-char -W -Wall -Werror=return-type -Werror=non-virtual-dtor -Werror=address -Werror=sequence-point -Wformat -Werror=format-security -Wmissing-declarations -Wmissing-prototypes -Wstrict-prototypes -Wundef -Winit-self -Wpointer-arith -Wshadow -Wno-narrowing -fdiagnostics-show-option -Wno-long-long -pthread -fomit-frame-pointer -msse -msse2 -mno-avx -msse3 -mno-ssse3 -mno-sse4.1 -mno-sse4.2 -ffunction-sections -fvisibility=hidden  -O3 -DNDEBUG   -o CMakeFiles/cmTC_ecf18.dir/CheckIncludeFile.c.o   -c /home/jeron/prg/examples/opencv_with_jll/deps/opencv-3.0.0/CMakeFiles/CMakeTmp/CheckIncludeFile.c
Linking C executable cmTC_ecf18
/usr/bin/cmake -E cmake_link_script CMakeFiles/cmTC_ecf18.dir/link.txt --verbose=1
/usr/bin/cc     -fsigned-char -W -Wall -Werror=return-type -Werror=non-virtual-dtor -Werror=address -Werror=sequence-point -Wformat -Werror=format-security -Wmissing-declarations -Wmissing-prototypes -Wstrict-prototypes -Wundef -Winit-self -Wpointer-arith -Wshadow -Wno-narrowing -fdiagnostics-show-option -Wno-long-long -pthread -fomit-frame-pointer -msse -msse2 -mno-avx -msse3 -mno-ssse3 -mno-sse4.1 -mno-sse4.2 -ffunction-sections -fvisibility=hidden  -O3 -DNDEBUG    CMakeFiles/cmTC_ecf18.dir/CheckIncludeFile.c.o  -o cmTC_ecf18 -rdynamic 
gmake[1]: Leaving directory '/home/jeron/prg/examples/opencv_with_jll/deps/opencv-3.0.0/CMakeFiles/CMakeTmp'


Determining if the function mmap exists passed with the following output:
Change Dir: /home/jeron/prg/examples/opencv_with_jll/deps/opencv-3.0.0/CMakeFiles/CMakeTmp

Run Build Command:"/usr/bin/gmake" "cmTC_e1595/fast"
/usr/bin/gmake -f CMakeFiles/cmTC_e1595.dir/build.make CMakeFiles/cmTC_e1595.dir/build
gmake[1]: Entering directory '/home/jeron/prg/examples/opencv_with_jll/deps/opencv-3.0.0/CMakeFiles/CMakeTmp'
Building C object CMakeFiles/cmTC_e1595.dir/CheckFunctionExists.c.o
/usr/bin/cc   -fsigned-char -W -Wall -Werror=return-type -Werror=non-virtual-dtor -Werror=address -Werror=sequence-point -Wformat -Werror=format-security -Wmissing-declarations -Wmissing-prototypes -Wstrict-prototypes -Wundef -Winit-self -Wpointer-arith -Wshadow -Wno-narrowing -fdiagnostics-show-option -Wno-long-long -pthread -fomit-frame-pointer -msse -msse2 -mno-avx -msse3 -mno-ssse3 -mno-sse4.1 -mno-sse4.2 -ffunction-sections -fvisibility=hidden -DCHECK_FUNCTION_EXISTS=mmap -O3 -DNDEBUG   -o CMakeFiles/cmTC_e1595.dir/CheckFunctionExists.c.o   -c /usr/share/cmake/Modules/CheckFunctionExists.c
/usr/share/cmake/Modules/CheckFunctionExists.c:3:1: warning: function declaration isnt a prototype [-Wstrict-prototypes]
 char CHECK_FUNCTION_EXISTS();
 ^
Linking C executable cmTC_e1595
/usr/bin/cmake -E cmake_link_script CMakeFiles/cmTC_e1595.dir/link.txt --verbose=1
/usr/bin/cc     -fsigned-char -W -Wall -Werror=return-type -Werror=non-virtual-dtor -Werror=address -Werror=sequence-point -Wformat -Werror=format-security -Wmissing-declarations -Wmissing-prototypes -Wstrict-prototypes -Wundef -Winit-self -Wpointer-arith -Wshadow -Wno-narrowing -fdiagnostics-show-option -Wno-long-long -pthread -fomit-frame-pointer -msse -msse2 -mno-avx -msse3 -mno-ssse3 -mno-sse4.1 -mno-sse4.2 -ffunction-sections -fvisibility=hidden -DCHECK_FUNCTION_EXISTS=mmap -O3 -DNDEBUG    CMakeFiles/cmTC_e1595.dir/CheckFunctionExists.c.o  -o cmTC_e1595 -rdynamic 
gmake[1]: Leaving directory '/home/jeron/prg/examples/opencv_with_jll/deps/opencv-3.0.0/CMakeFiles/CMakeTmp'


Determining if the include file search.h exists passed with the following output:
Change Dir: /home/jeron/prg/examples/opencv_with_jll/deps/opencv-3.0.0/CMakeFiles/CMakeTmp

Run Build Command:"/usr/bin/gmake" "cmTC_63a61/fast"
/usr/bin/gmake -f CMakeFiles/cmTC_63a61.dir/build.make CMakeFiles/cmTC_63a61.dir/build
gmake[1]: Entering directory '/home/jeron/prg/examples/opencv_with_jll/deps/opencv-3.0.0/CMakeFiles/CMakeTmp'
Building C object CMakeFiles/cmTC_63a61.dir/CheckIncludeFile.c.o
/usr/bin/cc   -fsigned-char -W -Wall -Werror=return-type -Werror=non-virtual-dtor -Werror=address -Werror=sequence-point -Wformat -Werror=format-security -Wmissing-declarations -Wmissing-prototypes -Wstrict-prototypes -Wundef -Winit-self -Wpointer-arith -Wshadow -Wno-narrowing -fdiagnostics-show-option -Wno-long-long -pthread -fomit-frame-pointer -msse -msse2 -mno-avx -msse3 -mno-ssse3 -mno-sse4.1 -mno-sse4.2 -ffunction-sections -fvisibility=hidden  -O3 -DNDEBUG   -o CMakeFiles/cmTC_63a61.dir/CheckIncludeFile.c.o   -c /home/jeron/prg/examples/opencv_with_jll/deps/opencv-3.0.0/CMakeFiles/CMakeTmp/CheckIncludeFile.c
Linking C executable cmTC_63a61
/usr/bin/cmake -E cmake_link_script CMakeFiles/cmTC_63a61.dir/link.txt --verbose=1
/usr/bin/cc     -fsigned-char -W -Wall -Werror=return-type -Werror=non-virtual-dtor -Werror=address -Werror=sequence-point -Wformat -Werror=format-security -Wmissing-declarations -Wmissing-prototypes -Wstrict-prototypes -Wundef -Winit-self -Wpointer-arith -Wshadow -Wno-narrowing -fdiagnostics-show-option -Wno-long-long -pthread -fomit-frame-pointer -msse -msse2 -mno-avx -msse3 -mno-ssse3 -mno-sse4.1 -mno-sse4.2 -ffunction-sections -fvisibility=hidden  -O3 -DNDEBUG    CMakeFiles/cmTC_63a61.dir/CheckIncludeFile.c.o  -o cmTC_63a61 -rdynamic 
gmake[1]: Leaving directory '/home/jeron/prg/examples/opencv_with_jll/deps/opencv-3.0.0/CMakeFiles/CMakeTmp'


Determining if the include file string.h exists passed with the following output:
Change Dir: /home/jeron/prg/examples/opencv_with_jll/deps/opencv-3.0.0/CMakeFiles/CMakeTmp

Run Build Command:"/usr/bin/gmake" "cmTC_eb968/fast"
/usr/bin/gmake -f CMakeFiles/cmTC_eb968.dir/build.make CMakeFiles/cmTC_eb968.dir/build
gmake[1]: Entering directory '/home/jeron/prg/examples/opencv_with_jll/deps/opencv-3.0.0/CMakeFiles/CMakeTmp'
Building C object CMakeFiles/cmTC_eb968.dir/CheckIncludeFile.c.o
/usr/bin/cc   -fsigned-char -W -Wall -Werror=return-type -Werror=non-virtual-dtor -Werror=address -Werror=sequence-point -Wformat -Werror=format-security -Wmissing-declarations -Wmissing-prototypes -Wstrict-prototypes -Wundef -Winit-self -Wpointer-arith -Wshadow -Wno-narrowing -fdiagnostics-show-option -Wno-long-long -pthread -fomit-frame-pointer -msse -msse2 -mno-avx -msse3 -mno-ssse3 -mno-sse4.1 -mno-sse4.2 -ffunction-sections -fvisibility=hidden  -O3 -DNDEBUG   -o CMakeFiles/cmTC_eb968.dir/CheckIncludeFile.c.o   -c /home/jeron/prg/examples/opencv_with_jll/deps/opencv-3.0.0/CMakeFiles/CMakeTmp/CheckIncludeFile.c
Linking C executable cmTC_eb968
/usr/bin/cmake -E cmake_link_script CMakeFiles/cmTC_eb968.dir/link.txt --verbose=1
/usr/bin/cc     -fsigned-char -W -Wall -Werror=return-type -Werror=non-virtual-dtor -Werror=address -Werror=sequence-point -Wformat -Werror=format-security -Wmissing-declarations -Wmissing-prototypes -Wstrict-prototypes -Wundef -Winit-self -Wpointer-arith -Wshadow -Wno-narrowing -fdiagnostics-show-option -Wno-long-long -pthread -fomit-frame-pointer -msse -msse2 -mno-avx -msse3 -mno-ssse3 -mno-sse4.1 -mno-sse4.2 -ffunction-sections -fvisibility=hidden  -O3 -DNDEBUG    CMakeFiles/cmTC_eb968.dir/CheckIncludeFile.c.o  -o cmTC_eb968 -rdynamic 
gmake[1]: Leaving directory '/home/jeron/prg/examples/opencv_with_jll/deps/opencv-3.0.0/CMakeFiles/CMakeTmp'


Determining if the include file unistd.h exists passed with the following output:
Change Dir: /home/jeron/prg/examples/opencv_with_jll/deps/opencv-3.0.0/CMakeFiles/CMakeTmp

Run Build Command:"/usr/bin/gmake" "cmTC_59ec1/fast"
/usr/bin/gmake -f CMakeFiles/cmTC_59ec1.dir/build.make CMakeFiles/cmTC_59ec1.dir/build
gmake[1]: Entering directory '/home/jeron/prg/examples/opencv_with_jll/deps/opencv-3.0.0/CMakeFiles/CMakeTmp'
Building C object CMakeFiles/cmTC_59ec1.dir/CheckIncludeFile.c.o
/usr/bin/cc   -fsigned-char -W -Wall -Werror=return-type -Werror=non-virtual-dtor -Werror=address -Werror=sequence-point -Wformat -Werror=format-security -Wmissing-declarations -Wmissing-prototypes -Wstrict-prototypes -Wundef -Winit-self -Wpointer-arith -Wshadow -Wno-narrowing -fdiagnostics-show-option -Wno-long-long -pthread -fomit-frame-pointer -msse -msse2 -mno-avx -msse3 -mno-ssse3 -mno-sse4.1 -mno-sse4.2 -ffunction-sections -fvisibility=hidden  -O3 -DNDEBUG   -o CMakeFiles/cmTC_59ec1.dir/CheckIncludeFile.c.o   -c /home/jeron/prg/examples/opencv_with_jll/deps/opencv-3.0.0/CMakeFiles/CMakeTmp/CheckIncludeFile.c
Linking C executable cmTC_59ec1
/usr/bin/cmake -E cmake_link_script CMakeFiles/cmTC_59ec1.dir/link.txt --verbose=1
/usr/bin/cc     -fsigned-char -W -Wall -Werror=return-type -Werror=non-virtual-dtor -Werror=address -Werror=sequence-point -Wformat -Werror=format-security -Wmissing-declarations -Wmissing-prototypes -Wstrict-prototypes -Wundef -Winit-self -Wpointer-arith -Wshadow -Wno-narrowing -fdiagnostics-show-option -Wno-long-long -pthread -fomit-frame-pointer -msse -msse2 -mno-avx -msse3 -mno-ssse3 -mno-sse4.1 -mno-sse4.2 -ffunction-sections -fvisibility=hidden  -O3 -DNDEBUG    CMakeFiles/cmTC_59ec1.dir/CheckIncludeFile.c.o  -o cmTC_59ec1 -rdynamic 
gmake[1]: Leaving directory '/home/jeron/prg/examples/opencv_with_jll/deps/opencv-3.0.0/CMakeFiles/CMakeTmp'


Determining if the include file semaphore.h exists passed with the following output:
Change Dir: /home/jeron/prg/examples/opencv_with_jll/deps/opencv-3.0.0/CMakeFiles/CMakeTmp

Run Build Command:"/usr/bin/gmake" "cmTC_92049/fast"
/usr/bin/gmake -f CMakeFiles/cmTC_92049.dir/build.make CMakeFiles/cmTC_92049.dir/build
gmake[1]: Entering directory '/home/jeron/prg/examples/opencv_with_jll/deps/opencv-3.0.0/CMakeFiles/CMakeTmp'
Building C object CMakeFiles/cmTC_92049.dir/CheckIncludeFile.c.o
/usr/bin/cc   -fsigned-char -W -Wall -Werror=return-type -Werror=non-virtual-dtor -Werror=address -Werror=sequence-point -Wformat -Werror=format-security -Wmissing-declarations -Wmissing-prototypes -Wstrict-prototypes -Wundef -Winit-self -Wpointer-arith -Wshadow -Wno-narrowing -fdiagnostics-show-option -Wno-long-long -pthread -fomit-frame-pointer -msse -msse2 -mno-avx -msse3 -mno-ssse3 -mno-sse4.1 -mno-sse4.2 -ffunction-sections -fvisibility=hidden  -O3 -DNDEBUG   -o CMakeFiles/cmTC_92049.dir/CheckIncludeFile.c.o   -c /home/jeron/prg/examples/opencv_with_jll/deps/opencv-3.0.0/CMakeFiles/CMakeTmp/CheckIncludeFile.c
Linking C executable cmTC_92049
/usr/bin/cmake -E cmake_link_script CMakeFiles/cmTC_92049.dir/link.txt --verbose=1
/usr/bin/cc     -fsigned-char -W -Wall -Werror=return-type -Werror=non-virtual-dtor -Werror=address -Werror=sequence-point -Wformat -Werror=format-security -Wmissing-declarations -Wmissing-prototypes -Wstrict-prototypes -Wundef -Winit-self -Wpointer-arith -Wshadow -Wno-narrowing -fdiagnostics-show-option -Wno-long-long -pthread -fomit-frame-pointer -msse -msse2 -mno-avx -msse3 -mno-ssse3 -mno-sse4.1 -mno-sse4.2 -ffunction-sections -fvisibility=hidden  -O3 -DNDEBUG    CMakeFiles/cmTC_92049.dir/CheckIncludeFile.c.o  -o cmTC_92049 -rdynamic 
gmake[1]: Leaving directory '/home/jeron/prg/examples/opencv_with_jll/deps/opencv-3.0.0/CMakeFiles/CMakeTmp'


Determining if the include file linux/videodev2.h exists passed with the following output:
Change Dir: /home/jeron/prg/examples/opencv_with_jll/deps/opencv-3.0.0/CMakeFiles/CMakeTmp

Run Build Command:"/usr/bin/gmake" "cmTC_6b154/fast"
/usr/bin/gmake -f CMakeFiles/cmTC_6b154.dir/build.make CMakeFiles/cmTC_6b154.dir/build
gmake[1]: Entering directory '/home/jeron/prg/examples/opencv_with_jll/deps/opencv-3.0.0/CMakeFiles/CMakeTmp'
Building C object CMakeFiles/cmTC_6b154.dir/CheckIncludeFile.c.o
/usr/bin/cc   -fsigned-char -W -Wall -Werror=return-type -Werror=non-virtual-dtor -Werror=address -Werror=sequence-point -Wformat -Werror=format-security -Wmissing-declarations -Wmissing-prototypes -Wstrict-prototypes -Wundef -Winit-self -Wpointer-arith -Wshadow -Wno-narrowing -fdiagnostics-show-option -Wno-long-long -pthread -fomit-frame-pointer -msse -msse2 -mno-avx -msse3 -mno-ssse3 -mno-sse4.1 -mno-sse4.2 -ffunction-sections -fvisibility=hidden  -O3 -DNDEBUG   -o CMakeFiles/cmTC_6b154.dir/CheckIncludeFile.c.o   -c /home/jeron/prg/examples/opencv_with_jll/deps/opencv-3.0.0/CMakeFiles/CMakeTmp/CheckIncludeFile.c
Linking C executable cmTC_6b154
/usr/bin/cmake -E cmake_link_script CMakeFiles/cmTC_6b154.dir/link.txt --verbose=1
/usr/bin/cc     -fsigned-char -W -Wall -Werror=return-type -Werror=non-virtual-dtor -Werror=address -Werror=sequence-point -Wformat -Werror=format-security -Wmissing-declarations -Wmissing-prototypes -Wstrict-prototypes -Wundef -Winit-self -Wpointer-arith -Wshadow -Wno-narrowing -fdiagnostics-show-option -Wno-long-long -pthread -fomit-frame-pointer -msse -msse2 -mno-avx -msse3 -mno-ssse3 -mno-sse4.1 -mno-sse4.2 -ffunction-sections -fvisibility=hidden  -O3 -DNDEBUG    CMakeFiles/cmTC_6b154.dir/CheckIncludeFile.c.o  -o cmTC_6b154 -rdynamic 
gmake[1]: Leaving directory '/home/jeron/prg/examples/opencv_with_jll/deps/opencv-3.0.0/CMakeFiles/CMakeTmp'


Determining if the include file linux/videodev2.h exists passed with the following output:
Change Dir: /home/jeron/prg/examples/opencv_with_jll/deps/opencv-3.0.0/CMakeFiles/CMakeTmp

Run Build Command:"/usr/bin/gmake" "cmTC_8adde/fast"
/usr/bin/gmake -f CMakeFiles/cmTC_8adde.dir/build.make CMakeFiles/cmTC_8adde.dir/build
gmake[1]: Entering directory '/home/jeron/prg/examples/opencv_with_jll/deps/opencv-3.0.0/CMakeFiles/CMakeTmp'
Building C object CMakeFiles/cmTC_8adde.dir/CheckIncludeFile.c.o
/usr/bin/cc   -fPIC   -fsigned-char -W -Wall -Werror=return-type -Werror=non-virtual-dtor -Werror=address -Werror=sequence-point -Wformat -Werror=format-security -Wmissing-declarations -Wmissing-prototypes -Wstrict-prototypes -Wundef -Winit-self -Wpointer-arith -Wshadow -Wno-narrowing -fdiagnostics-show-option -Wno-long-long -pthread -fomit-frame-pointer -msse -msse2 -mno-avx -msse3 -mno-ssse3 -mno-sse4.1 -mno-sse4.2 -ffunction-sections -fvisibility=hidden  -O3 -DNDEBUG   -o CMakeFiles/cmTC_8adde.dir/CheckIncludeFile.c.o   -c /home/jeron/prg/examples/opencv_with_jll/deps/opencv-3.0.0/CMakeFiles/CMakeTmp/CheckIncludeFile.c
Linking C executable cmTC_8adde
/usr/bin/cmake -E cmake_link_script CMakeFiles/cmTC_8adde.dir/link.txt --verbose=1
/usr/bin/cc   -fPIC   -fsigned-char -W -Wall -Werror=return-type -Werror=non-virtual-dtor -Werror=address -Werror=sequence-point -Wformat -Werror=format-security -Wmissing-declarations -Wmissing-prototypes -Wstrict-prototypes -Wundef -Winit-self -Wpointer-arith -Wshadow -Wno-narrowing -fdiagnostics-show-option -Wno-long-long -pthread -fomit-frame-pointer -msse -msse2 -mno-avx -msse3 -mno-ssse3 -mno-sse4.1 -mno-sse4.2 -ffunction-sections -fvisibility=hidden  -O3 -DNDEBUG    CMakeFiles/cmTC_8adde.dir/CheckIncludeFile.c.o  -o cmTC_8adde -rdynamic 
gmake[1]: Leaving directory '/home/jeron/prg/examples/opencv_with_jll/deps/opencv-3.0.0/CMakeFiles/CMakeTmp'


Determining if the include file linux/videodev2.h exists passed with the following output:
Change Dir: /home/jeron/prg/examples/opencv_with_jll/deps/opencv-3.0.0/CMakeFiles/CMakeTmp

Run Build Command:"/usr/bin/gmake" "cmTC_698e5/fast"
/usr/bin/gmake -f CMakeFiles/cmTC_698e5.dir/build.make CMakeFiles/cmTC_698e5.dir/build
gmake[1]: Entering directory '/home/jeron/prg/examples/opencv_with_jll/deps/opencv-3.0.0/CMakeFiles/CMakeTmp'
Building C object CMakeFiles/cmTC_698e5.dir/CheckIncludeFile.c.o
/usr/bin/cc   -fPIC   -fsigned-char -W -Wall -Werror=return-type -Werror=non-virtual-dtor -Werror=address -Werror=sequence-point -Wformat -Werror=format-security -Wmissing-declarations -Wmissing-prototypes -Wstrict-prototypes -Wundef -Winit-self -Wpointer-arith -Wshadow -Wno-narrowing -fdiagnostics-show-option -Wno-long-long -pthread -fomit-frame-pointer -msse -msse2 -mno-avx -msse3 -mno-ssse3 -mno-sse4.1 -mno-sse4.2 -ffunction-sections -fvisibility=hidden  -O3 -DNDEBUG   -o CMakeFiles/cmTC_698e5.dir/CheckIncludeFile.c.o   -c /home/jeron/prg/examples/opencv_with_jll/deps/opencv-3.0.0/CMakeFiles/CMakeTmp/CheckIncludeFile.c
Linking C executable cmTC_698e5
/usr/bin/cmake -E cmake_link_script CMakeFiles/cmTC_698e5.dir/link.txt --verbose=1
/usr/bin/cc   -fPIC   -fsigned-char -W -Wall -Werror=return-type -Werror=non-virtual-dtor -Werror=address -Werror=sequence-point -Wformat -Werror=format-security -Wmissing-declarations -Wmissing-prototypes -Wstrict-prototypes -Wundef -Winit-self -Wpointer-arith -Wshadow -Wno-narrowing -fdiagnostics-show-option -Wno-long-long -pthread -fomit-frame-pointer -msse -msse2 -mno-avx -msse3 -mno-ssse3 -mno-sse4.1 -mno-sse4.2 -ffunction-sections -fvisibility=hidden  -O3 -DNDEBUG    CMakeFiles/cmTC_698e5.dir/CheckIncludeFile.c.o  -o cmTC_698e5 -rdynamic 
gmake[1]: Leaving directory '/home/jeron/prg/examples/opencv_with_jll/deps/opencv-3.0.0/CMakeFiles/CMakeTmp'


